[17-Oct-2016 10:25:06 UTC] PHP Parse error:  syntax error, unexpected T_CONSTANT_ENCAPSED_STRING, expecting ')' in /media/Share/Web/cms/ctrl/image.php on line 7
[17-Oct-2016 10:26:16 UTC] PHP Parse error:  syntax error, unexpected T_CONSTANT_ENCAPSED_STRING, expecting ')' in /media/Share/Web/cms/ctrl/image.php on line 7
[17-Oct-2016 10:27:53 UTC] PHP Parse error:  syntax error, unexpected T_CONSTANT_ENCAPSED_STRING, expecting ')' in /media/Share/Web/cms/ctrl/image.php on line 7
[17-Oct-2016 10:28:53 UTC] PHP Parse error:  syntax error, unexpected T_CONSTANT_ENCAPSED_STRING, expecting ')' in /media/Share/Web/cms/ctrl/image.php on line 7
[17-Oct-2016 10:28:57 UTC] PHP Parse error:  syntax error, unexpected T_CONSTANT_ENCAPSED_STRING, expecting ')' in /media/Share/Web/cms/ctrl/image.php on line 7
[17-Oct-2016 10:29:06 UTC] PHP Parse error:  syntax error, unexpected T_CONSTANT_ENCAPSED_STRING, expecting ')' in /media/Share/Web/cms/ctrl/image.php on line 7
[17-Oct-2016 10:30:05 UTC] PHP Parse error:  syntax error, unexpected '*' in /media/Share/Web/cms/ctrl/image.php on line 28
[17-Oct-2016 10:30:27 UTC] PHP Parse error:  syntax error, unexpected '*' in /media/Share/Web/cms/ctrl/image.php on line 29
[17-Oct-2016 10:30:50 UTC] PHP Notice:  Undefined variable: _size in /media/Share/Web/cms/ctrl/image.php on line 23
[17-Oct-2016 10:41:34 UTC] PHP Notice:  Undefined index: smaller in /media/Share/Web/cms/ctrl/image.php on line 25
[17-Oct-2016 10:41:34 UTC] PHP Notice:  Undefined variable: file in /media/Share/Web/cms/ctrl/image.php on line 33
[17-Oct-2016 10:41:48 UTC] PHP Notice:  Undefined index: bigger in /media/Share/Web/cms/ctrl/image.php on line 25
[17-Oct-2016 10:41:48 UTC] PHP Notice:  Undefined variable: file in /media/Share/Web/cms/ctrl/image.php on line 33
[17-Oct-2016 10:41:52 UTC] PHP Notice:  Undefined variable: file in /media/Share/Web/cms/ctrl/image.php on line 33
[17-Oct-2016 10:41:57 UTC] PHP Notice:  Undefined variable: file in /media/Share/Web/cms/ctrl/image.php on line 33
[17-Oct-2016 10:42:03 UTC] PHP Notice:  Undefined variable: file in /media/Share/Web/cms/ctrl/image.php on line 33
[17-Oct-2016 10:44:11 UTC] PHP Notice:  Undefined index: smaller in /media/Share/Web/cms/ctrl/image.php on line 25
[17-Oct-2016 10:44:20 UTC] PHP Notice:  Undefined index: med in /media/Share/Web/cms/ctrl/image.php on line 25
[17-Oct-2016 11:32:41 UTC] PHP Parse error:  syntax error, unexpected '}' in /media/Share/Web/cms/ctrl/image.php on line 35
[17-Oct-2016 11:33:47 UTC] PHP Parse error:  syntax error, unexpected '}' in /media/Share/Web/cms/ctrl/image.php on line 35
[17-Oct-2016 11:33:58 UTC] PHP Parse error:  syntax error, unexpected '}' in /media/Share/Web/cms/ctrl/image.php on line 35
[17-Oct-2016 11:34:11 UTC] PHP Parse error:  syntax error, unexpected '}' in /media/Share/Web/cms/ctrl/image.php on line 35
[17-Oct-2016 11:34:14 UTC] PHP Parse error:  syntax error, unexpected '}' in /media/Share/Web/cms/ctrl/image.php on line 35
[17-Oct-2016 11:35:02 UTC] PHP Parse error:  syntax error, unexpected '}' in /media/Share/Web/cms/ctrl/image.php on line 35
[17-Oct-2016 11:35:08 UTC] PHP Parse error:  syntax error, unexpected '}' in /media/Share/Web/cms/ctrl/image.php on line 35
[17-Oct-2016 11:35:24 UTC] PHP Parse error:  syntax error, unexpected '}' in /media/Share/Web/cms/ctrl/image.php on line 35
[17-Oct-2016 11:35:40 UTC] PHP Parse error:  syntax error, unexpected '}' in /media/Share/Web/cms/ctrl/image.php on line 35
[17-Oct-2016 11:35:43 UTC] PHP Parse error:  syntax error, unexpected '}' in /media/Share/Web/cms/ctrl/image.php on line 35
[17-Oct-2016 11:36:20 UTC] PHP Parse error:  syntax error, unexpected '}' in /media/Share/Web/cms/ctrl/image.php on line 35
[17-Oct-2016 11:36:46 UTC] PHP Parse error:  syntax error, unexpected '}' in /media/Share/Web/cms/ctrl/image.php on line 35
[17-Oct-2016 11:36:52 UTC] PHP Parse error:  syntax error, unexpected '}' in /media/Share/Web/cms/ctrl/image.php on line 35
[17-Oct-2016 11:37:06 UTC] PHP Parse error:  syntax error, unexpected '}' in /media/Share/Web/cms/ctrl/image.php on line 35
[17-Oct-2016 11:37:32 UTC] PHP Parse error:  syntax error, unexpected '}' in /media/Share/Web/cms/ctrl/image.php on line 35
[17-Oct-2016 11:37:55 UTC] PHP Parse error:  syntax error, unexpected '}' in /media/Share/Web/cms/ctrl/image.php on line 35
[17-Oct-2016 11:38:02 UTC] PHP Parse error:  syntax error, unexpected '}' in /media/Share/Web/cms/ctrl/image.php on line 35
[17-Oct-2016 11:38:22 UTC] PHP Parse error:  syntax error, unexpected '}' in /media/Share/Web/cms/ctrl/image.php on line 35
[17-Oct-2016 11:39:22 UTC] PHP Parse error:  syntax error, unexpected '}' in /media/Share/Web/cms/ctrl/image.php on line 35
[17-Oct-2016 11:39:23 UTC] PHP Parse error:  syntax error, unexpected '}' in /media/Share/Web/cms/ctrl/image.php on line 35
[17-Oct-2016 11:39:38 UTC] PHP Parse error:  syntax error, unexpected '}' in /media/Share/Web/cms/ctrl/image.php on line 35
[17-Oct-2016 11:39:59 UTC] PHP Parse error:  syntax error, unexpected '}' in /media/Share/Web/cms/ctrl/image.php on line 35
[17-Oct-2016 11:41:16 UTC] PHP Fatal error:  Call to a member function set() on a non-object in /media/Share/Web/cms/core/basectrl.php on line 21
[17-Oct-2016 11:41:23 UTC] PHP Fatal error:  Call to a member function set() on a non-object in /media/Share/Web/cms/core/basectrl.php on line 21
[17-Oct-2016 11:42:54 UTC] PHP Fatal error:  Call to a member function set() on a non-object in /media/Share/Web/cms/core/basectrl.php on line 21
[17-Oct-2016 11:43:09 UTC] PHP Fatal error:  Call to a member function set() on a non-object in /media/Share/Web/cms/core/basectrl.php on line 21
[17-Oct-2016 11:43:23 UTC] PHP Fatal error:  Call to a member function set() on a non-object in /media/Share/Web/cms/core/basectrl.php on line 21
[17-Oct-2016 11:44:12 UTC] PHP Fatal error:  Call to a member function set() on a non-object in /media/Share/Web/cms/core/basectrl.php on line 21
[17-Oct-2016 11:44:48 UTC] PHP Fatal error:  Call to a member function set() on a non-object in /media/Share/Web/cms/core/basectrl.php on line 21
[17-Oct-2016 11:45:19 UTC] PHP Fatal error:  Call to a member function set() on a non-object in /media/Share/Web/cms/core/basectrl.php on line 20
[17-Oct-2016 11:46:28 UTC] PHP Fatal error:  Call to a member function set() on a non-object in /media/Share/Web/cms/core/basectrl.php on line 21
[17-Oct-2016 11:46:28 UTC] PHP Fatal error:  Call to a member function set() on a non-object in /media/Share/Web/cms/core/basectrl.php on line 21
[17-Oct-2016 11:49:08 UTC] PHP Fatal error:  Class 'Cat' not found in /media/Share/Web/cms/ctrl/content.php on line 12
[17-Oct-2016 11:49:15 UTC] PHP Fatal error:  Class 'Cat' not found in /media/Share/Web/cms/ctrl/content.php on line 12
[17-Oct-2016 11:59:14 UTC] PHP Notice:  Undefined index: mediummm in /media/Share/Web/cms/ctrl/image.php on line 25
[18-Oct-2016 13:52:51 UTC] PHP Fatal error:  Class 'Stok' not found in /media/Share/Web/cms/ctrl/admin.php on line 139
[18-Oct-2016 13:52:52 UTC] PHP Notice:  Undefined property: Post::$submitted in /media/Share/Web/cms/ctrl/admin.php on line 54
[18-Oct-2016 13:54:21 UTC] PHP Notice:  Undefined property: Post::$submitted in /media/Share/Web/cms/ctrl/admin.php on line 54
[18-Oct-2016 13:54:31 UTC] PHP Notice:  Undefined property: Post::$submitted in /media/Share/Web/cms/ctrl/admin.php on line 54
[18-Oct-2016 13:54:36 UTC] PHP Notice:  Undefined property: Post::$submitted in /media/Share/Web/cms/ctrl/admin.php on line 54
[18-Oct-2016 13:55:06 UTC] PHP Notice:  Undefined property: Post::$submitted in /media/Share/Web/cms/ctrl/admin.php on line 54
[18-Oct-2016 13:55:24 UTC] PHP Warning:  Invalid argument supplied for foreach() in /media/Share/Web/cms/lib/session.php on line 18
[18-Oct-2016 13:55:24 UTC] PHP Fatal error:  Class 'Stok' not found in /media/Share/Web/cms/ctrl/admin.php on line 139
[18-Oct-2016 13:55:36 UTC] PHP Fatal error:  Class 'Stok' not found in /media/Share/Web/cms/ctrl/admin.php on line 139
[18-Oct-2016 13:55:42 UTC] PHP Fatal error:  Class 'Stok' not found in /media/Share/Web/cms/ctrl/admin.php on line 139
[18-Oct-2016 13:55:56 UTC] PHP Fatal error:  Class 'Stok' not found in /media/Share/Web/cms/ctrl/admin.php on line 139
[18-Oct-2016 13:56:12 UTC] PHP Fatal error:  Class 'Stok' not found in /media/Share/Web/cms/ctrl/admin.php on line 139
[18-Oct-2016 14:42:17 UTC] PHP Warning:  Invalid argument supplied for foreach() in /media/Share/Web/cms/lib/session.php on line 18
[18-Oct-2016 14:42:17 UTC] PHP Fatal error:  Class 'Stok' not found in /media/Share/Web/cms/ctrl/admin.php on line 139
[18-Oct-2016 18:13:05 UTC] PHP Fatal error:  Class 'Stok' not found in /media/Share/Web/cms/ctrl/admin.php on line 139
[18-Oct-2016 18:13:05 UTC] PHP Parse error:  syntax error, unexpected T_CASE in /media/Share/Web/cms/lib/img.php on line 224
[18-Oct-2016 18:18:19 UTC] PHP Parse error:  syntax error, unexpected T_CASE in /media/Share/Web/cms/lib/img.php on line 224
[18-Oct-2016 18:20:27 UTC] PHP Parse error:  syntax error, unexpected T_CASE in /media/Share/Web/cms/lib/img.php on line 224
[18-Oct-2016 18:20:58 UTC] PHP Parse error:  syntax error, unexpected T_CASE in /media/Share/Web/cms/lib/img.php on line 224
[18-Oct-2016 18:22:39 UTC] PHP Parse error:  syntax error, unexpected T_CASE in /media/Share/Web/cms/lib/img.php on line 224
[18-Oct-2016 18:23:25 UTC] PHP Parse error:  syntax error, unexpected T_CASE in /media/Share/Web/cms/lib/img.php on line 224
[18-Oct-2016 18:23:54 UTC] PHP Parse error:  syntax error, unexpected T_CASE in /media/Share/Web/cms/lib/img.php on line 224
[18-Oct-2016 18:24:39 UTC] PHP Parse error:  syntax error, unexpected T_CASE in /media/Share/Web/cms/lib/img.php on line 224
[18-Oct-2016 18:24:54 UTC] PHP Parse error:  syntax error, unexpected T_CASE in /media/Share/Web/cms/lib/img.php on line 225
[18-Oct-2016 18:26:05 UTC] PHP Parse error:  syntax error, unexpected T_ECHO, expecting T_FUNCTION in /media/Share/Web/cms/lib/img.php on line 283
[18-Oct-2016 18:27:36 UTC] PHP Parse error:  syntax error, unexpected T_ECHO, expecting T_FUNCTION in /media/Share/Web/cms/lib/img.php on line 284
[18-Oct-2016 18:41:43 UTC] PHP Parse error:  syntax error, unexpected '}', expecting ',' or ';' in /media/Share/Web/cms/lib/img.php on line 248
[18-Oct-2016 18:41:50 UTC] PHP Parse error:  syntax error, unexpected '}', expecting ',' or ';' in /media/Share/Web/cms/lib/img.php on line 248
[18-Oct-2016 18:42:06 UTC] PHP Parse error:  syntax error, unexpected '}', expecting ',' or ';' in /media/Share/Web/cms/lib/img.php on line 248
[18-Oct-2016 18:42:27 UTC] PHP Parse error:  syntax error, unexpected '}', expecting ',' or ';' in /media/Share/Web/cms/lib/img.php on line 248
[18-Oct-2016 18:45:13 UTC] PHP Parse error:  syntax error, unexpected '*' in /media/Share/Web/cms/lib/img.php on line 254
[18-Oct-2016 18:52:13 UTC] PHP Notice:  Undefined index: jpeg in /media/Share/Web/cms/lib/img.php on line 250
[18-Oct-2016 19:06:05 UTC] PHP Warning:  explode(): Empty delimiter in /media/Share/Web/cms/lib/img.php on line 240
[18-Oct-2016 19:06:37 UTC] PHP Warning:  explode(): Empty delimiter in /media/Share/Web/cms/lib/img.php on line 240
[18-Oct-2016 19:07:15 UTC] PHP Warning:  call_user_func() expects parameter 1 to be a valid callback, function 'imagejpg' not found or invalid function name in /media/Share/Web/cms/lib/img.php on line 251
[18-Oct-2016 19:40:06 UTC] PHP Warning:  call_user_func() expects parameter 1 to be a valid callback, function 'imagejpg' not found or invalid function name in /media/Share/Web/cms/lib/img.php on line 263
[18-Oct-2016 19:49:27 UTC] PHP Warning:  imagecreatetruecolor() expects parameter 1 to be long, string given in /media/Share/Web/cms/lib/img.php on line 286
[18-Oct-2016 19:49:27 UTC] PHP Warning:  imagecopyresampled() expects parameter 1 to be resource, null given in /media/Share/Web/cms/lib/img.php on line 289
[18-Oct-2016 19:49:27 UTC] PHP Warning:  imagejpeg() expects parameter 1 to be resource, null given in /media/Share/Web/cms/lib/img.php on line 291
[18-Oct-2016 19:49:27 UTC] PHP Warning:  imagedestroy() expects parameter 1 to be resource, null given in /media/Share/Web/cms/lib/img.php on line 292
[18-Oct-2016 20:09:15 UTC] PHP Warning:  Unterminated comment starting line 364 in /media/Share/Web/cms/lib/img.php on line 364
[18-Oct-2016 20:09:15 UTC] PHP Parse error:  syntax error, unexpected $end, expecting T_FUNCTION in /media/Share/Web/cms/lib/img.php on line 388
[18-Oct-2016 20:10:01 UTC] PHP Warning:  call_user_func() expects parameter 1 to be a valid callback, function 'imagejpg' not found or invalid function name in /media/Share/Web/cms/lib/img.php on line 284
[19-Oct-2016 04:13:32 UTC] PHP Parse error:  syntax error, unexpected ')', expecting ';' in /media/Share/Web/cms/ctrl/image.php on line 44
[19-Oct-2016 04:15:04 UTC] PHP Parse error:  syntax error, unexpected ')', expecting ';' in /media/Share/Web/cms/ctrl/image.php on line 44
[19-Oct-2016 04:21:37 UTC] PHP Parse error:  syntax error, unexpected ')', expecting ';' in /media/Share/Web/cms/ctrl/image.php on line 44
[19-Oct-2016 04:22:29 UTC] PHP Parse error:  syntax error, unexpected ')', expecting ';' in /media/Share/Web/cms/ctrl/image.php on line 44
[19-Oct-2016 04:24:27 UTC] PHP Parse error:  syntax error, unexpected ')' in /media/Share/Web/cms/lib/rss2.php on line 30
[19-Oct-2016 04:26:24 UTC] PHP Fatal error:  Call to protected Rss2::__construct() from context 'Image' in /media/Share/Web/cms/ctrl/image.php on line 42
[19-Oct-2016 04:27:05 UTC] PHP Fatal error:  Call to protected Rss2::__construct() from context 'Image' in /media/Share/Web/cms/ctrl/image.php on line 42
[19-Oct-2016 04:28:22 UTC] PHP Fatal error:  Call to protected Rss2::__construct() from context 'Image' in /media/Share/Web/cms/ctrl/image.php on line 42
[19-Oct-2016 04:28:28 UTC] PHP Fatal error:  Call to protected Rss2::__construct() from context 'Image' in /media/Share/Web/cms/ctrl/image.php on line 42
[19-Oct-2016 04:34:11 UTC] PHP Parse error:  syntax error, unexpected ')', expecting ';' in /media/Share/Web/cms/ctrl/image.php on line 44
[19-Oct-2016 04:34:25 UTC] PHP Parse error:  syntax error, unexpected ')' in /media/Share/Web/cms/lib/rss2.php on line 23
[19-Oct-2016 04:36:13 UTC] PHP Notice:  Use of undefined constant fetch_only - assumed 'fetch_only' in /media/Share/Web/cms/lib/rss2.php on line 33
[19-Oct-2016 04:38:30 UTC] PHP Notice:  Use of undefined constant fetch_only - assumed 'fetch_only' in /media/Share/Web/cms/lib/rss2.php on line 33
[19-Oct-2016 04:43:14 UTC] PHP Parse error:  syntax error, unexpected ')' in /media/Share/Web/cms/lib/rss2.php on line 24
[19-Oct-2016 04:45:13 UTC] PHP Parse error:  syntax error, unexpected ')' in /media/Share/Web/cms/lib/rss2.php on line 24
[19-Oct-2016 04:46:39 UTC] PHP Parse error:  syntax error, unexpected ')' in /media/Share/Web/cms/lib/rss2.php on line 24
[19-Oct-2016 04:47:15 UTC] PHP Parse error:  syntax error, unexpected ')' in /media/Share/Web/cms/lib/rss2.php on line 24
[19-Oct-2016 04:47:28 UTC] PHP Fatal error:  Call to undefined function toXml() in /media/Share/Web/cms/lib/rss2.php on line 27
[19-Oct-2016 04:47:47 UTC] PHP Notice:  Undefined variable: gmt in /media/Share/Web/cms/lib/rss2.php on line 28
[19-Oct-2016 04:48:37 UTC] PHP Notice:  Undefined variable: gmt in /media/Share/Web/cms/lib/rss2.php on line 28
[19-Oct-2016 04:49:03 UTC] PHP Notice:  Undefined variable: gmt in /media/Share/Web/cms/lib/rss2.php on line 28
[19-Oct-2016 04:49:20 UTC] PHP Notice:  Undefined variable: gmt in /media/Share/Web/cms/lib/rss2.php on line 28
[20-Oct-2016 05:16:08 UTC] PHP Notice:  Undefined index: header in /media/Share/Web/mediaumat/smarty/libs/sysplugins/smarty_internal_templatebase.php(157) : eval()'d code on line 33
[20-Oct-2016 05:16:08 UTC] PHP Notice:  Trying to get property of non-object in /media/Share/Web/mediaumat/smarty/libs/sysplugins/smarty_internal_templatebase.php(157) : eval()'d code on line 33
[20-Oct-2016 05:16:08 UTC] PHP Notice:  Undefined index: header in /media/Share/Web/mediaumat/smarty/libs/sysplugins/smarty_internal_templatebase.php(157) : eval()'d code on line 36
[20-Oct-2016 05:16:08 UTC] PHP Notice:  Trying to get property of non-object in /media/Share/Web/mediaumat/smarty/libs/sysplugins/smarty_internal_templatebase.php(157) : eval()'d code on line 36
[20-Oct-2016 05:16:08 UTC] PHP Notice:  Undefined index: meta in /media/Share/Web/mediaumat/smarty/libs/sysplugins/smarty_internal_templatebase.php(157) : eval()'d code on line 42
[20-Oct-2016 05:16:08 UTC] PHP Notice:  Trying to get property of non-object in /media/Share/Web/mediaumat/smarty/libs/sysplugins/smarty_internal_templatebase.php(157) : eval()'d code on line 42
[20-Oct-2016 05:16:08 UTC] PHP Notice:  Undefined index: header in /media/Share/Web/mediaumat/smarty/libs/sysplugins/smarty_internal_templatebase.php(157) : eval()'d code on line 51
[20-Oct-2016 05:16:08 UTC] PHP Notice:  Trying to get property of non-object in /media/Share/Web/mediaumat/smarty/libs/sysplugins/smarty_internal_templatebase.php(157) : eval()'d code on line 51
[20-Oct-2016 05:16:08 UTC] PHP Notice:  Undefined index: header in /media/Share/Web/mediaumat/smarty/libs/sysplugins/smarty_internal_templatebase.php(157) : eval()'d code on line 52
[20-Oct-2016 05:16:08 UTC] PHP Notice:  Trying to get property of non-object in /media/Share/Web/mediaumat/smarty/libs/sysplugins/smarty_internal_templatebase.php(157) : eval()'d code on line 52
[20-Oct-2016 05:16:08 UTC] PHP Fatal error:  Class 'Stok' not found in /media/Share/Web/mediaumat/ctrl/admin.php on line 139
[20-Oct-2016 05:16:08 UTC] PHP Fatal error:  Call to undefined method Acs::firstAcs() in /media/Share/Web/mediaumat/ctrl/admin.php on line 51
[20-Oct-2016 05:16:27 UTC] PHP Notice:  Undefined property: Post::$submitted in /media/Share/Web/mediaumat/ctrl/admin.php on line 206
[20-Oct-2016 05:16:27 UTC] PHP Notice:  Undefined index: header in /media/Share/Web/mediaumat/tmp/cpl/cdb5c01737bf9f56fce9c18be6d43c33b328b729.file.header.html.php on line 33
[20-Oct-2016 05:16:27 UTC] PHP Notice:  Trying to get property of non-object in /media/Share/Web/mediaumat/tmp/cpl/cdb5c01737bf9f56fce9c18be6d43c33b328b729.file.header.html.php on line 33
[20-Oct-2016 05:16:27 UTC] PHP Notice:  Undefined index: header in /media/Share/Web/mediaumat/tmp/cpl/cdb5c01737bf9f56fce9c18be6d43c33b328b729.file.header.html.php on line 36
[20-Oct-2016 05:16:27 UTC] PHP Notice:  Trying to get property of non-object in /media/Share/Web/mediaumat/tmp/cpl/cdb5c01737bf9f56fce9c18be6d43c33b328b729.file.header.html.php on line 36
[20-Oct-2016 05:16:27 UTC] PHP Notice:  Undefined index: meta in /media/Share/Web/mediaumat/tmp/cpl/cdb5c01737bf9f56fce9c18be6d43c33b328b729.file.header.html.php on line 42
[20-Oct-2016 05:16:27 UTC] PHP Notice:  Trying to get property of non-object in /media/Share/Web/mediaumat/tmp/cpl/cdb5c01737bf9f56fce9c18be6d43c33b328b729.file.header.html.php on line 42
[20-Oct-2016 05:16:27 UTC] PHP Notice:  Undefined index: header in /media/Share/Web/mediaumat/tmp/cpl/cdb5c01737bf9f56fce9c18be6d43c33b328b729.file.header.html.php on line 51
[20-Oct-2016 05:16:27 UTC] PHP Notice:  Trying to get property of non-object in /media/Share/Web/mediaumat/tmp/cpl/cdb5c01737bf9f56fce9c18be6d43c33b328b729.file.header.html.php on line 51
[20-Oct-2016 05:16:27 UTC] PHP Notice:  Undefined index: header in /media/Share/Web/mediaumat/tmp/cpl/cdb5c01737bf9f56fce9c18be6d43c33b328b729.file.header.html.php on line 52
[20-Oct-2016 05:16:27 UTC] PHP Notice:  Trying to get property of non-object in /media/Share/Web/mediaumat/tmp/cpl/cdb5c01737bf9f56fce9c18be6d43c33b328b729.file.header.html.php on line 52
[20-Oct-2016 05:16:44 UTC] PHP Notice:  Undefined property: Post::$submitted in /media/Share/Web/mediaumat/ctrl/admin.php on line 206
[20-Oct-2016 05:16:44 UTC] PHP Notice:  Undefined index: header in /media/Share/Web/mediaumat/tmp/cpl/cdb5c01737bf9f56fce9c18be6d43c33b328b729.file.header.html.php on line 33
[20-Oct-2016 05:16:44 UTC] PHP Notice:  Trying to get property of non-object in /media/Share/Web/mediaumat/tmp/cpl/cdb5c01737bf9f56fce9c18be6d43c33b328b729.file.header.html.php on line 33
[20-Oct-2016 05:16:44 UTC] PHP Notice:  Undefined index: header in /media/Share/Web/mediaumat/tmp/cpl/cdb5c01737bf9f56fce9c18be6d43c33b328b729.file.header.html.php on line 36
[20-Oct-2016 05:16:44 UTC] PHP Notice:  Trying to get property of non-object in /media/Share/Web/mediaumat/tmp/cpl/cdb5c01737bf9f56fce9c18be6d43c33b328b729.file.header.html.php on line 36
[20-Oct-2016 05:16:44 UTC] PHP Notice:  Undefined index: meta in /media/Share/Web/mediaumat/tmp/cpl/cdb5c01737bf9f56fce9c18be6d43c33b328b729.file.header.html.php on line 42
[20-Oct-2016 05:16:44 UTC] PHP Notice:  Trying to get property of non-object in /media/Share/Web/mediaumat/tmp/cpl/cdb5c01737bf9f56fce9c18be6d43c33b328b729.file.header.html.php on line 42
[20-Oct-2016 05:16:44 UTC] PHP Notice:  Undefined index: header in /media/Share/Web/mediaumat/tmp/cpl/cdb5c01737bf9f56fce9c18be6d43c33b328b729.file.header.html.php on line 51
[20-Oct-2016 05:16:44 UTC] PHP Notice:  Trying to get property of non-object in /media/Share/Web/mediaumat/tmp/cpl/cdb5c01737bf9f56fce9c18be6d43c33b328b729.file.header.html.php on line 51
[20-Oct-2016 05:16:44 UTC] PHP Notice:  Undefined index: header in /media/Share/Web/mediaumat/tmp/cpl/cdb5c01737bf9f56fce9c18be6d43c33b328b729.file.header.html.php on line 52
[20-Oct-2016 05:16:44 UTC] PHP Notice:  Trying to get property of non-object in /media/Share/Web/mediaumat/tmp/cpl/cdb5c01737bf9f56fce9c18be6d43c33b328b729.file.header.html.php on line 52
[20-Oct-2016 05:17:22 UTC] PHP Notice:  Undefined property: Post::$submitted in /media/Share/Web/mediaumat/ctrl/admin.php on line 206
[20-Oct-2016 05:17:22 UTC] PHP Notice:  Undefined index: header in /media/Share/Web/mediaumat/tmp/cpl/cdb5c01737bf9f56fce9c18be6d43c33b328b729.file.header.html.php on line 33
[20-Oct-2016 05:17:22 UTC] PHP Notice:  Trying to get property of non-object in /media/Share/Web/mediaumat/tmp/cpl/cdb5c01737bf9f56fce9c18be6d43c33b328b729.file.header.html.php on line 33
[20-Oct-2016 05:17:22 UTC] PHP Notice:  Undefined index: header in /media/Share/Web/mediaumat/tmp/cpl/cdb5c01737bf9f56fce9c18be6d43c33b328b729.file.header.html.php on line 36
[20-Oct-2016 05:17:22 UTC] PHP Notice:  Trying to get property of non-object in /media/Share/Web/mediaumat/tmp/cpl/cdb5c01737bf9f56fce9c18be6d43c33b328b729.file.header.html.php on line 36
[20-Oct-2016 05:17:22 UTC] PHP Notice:  Undefined index: meta in /media/Share/Web/mediaumat/tmp/cpl/cdb5c01737bf9f56fce9c18be6d43c33b328b729.file.header.html.php on line 42
[20-Oct-2016 05:17:22 UTC] PHP Notice:  Trying to get property of non-object in /media/Share/Web/mediaumat/tmp/cpl/cdb5c01737bf9f56fce9c18be6d43c33b328b729.file.header.html.php on line 42
[20-Oct-2016 05:17:22 UTC] PHP Notice:  Undefined index: header in /media/Share/Web/mediaumat/tmp/cpl/cdb5c01737bf9f56fce9c18be6d43c33b328b729.file.header.html.php on line 51
[20-Oct-2016 05:17:22 UTC] PHP Notice:  Trying to get property of non-object in /media/Share/Web/mediaumat/tmp/cpl/cdb5c01737bf9f56fce9c18be6d43c33b328b729.file.header.html.php on line 51
[20-Oct-2016 05:17:22 UTC] PHP Notice:  Undefined index: header in /media/Share/Web/mediaumat/tmp/cpl/cdb5c01737bf9f56fce9c18be6d43c33b328b729.file.header.html.php on line 52
[20-Oct-2016 05:17:22 UTC] PHP Notice:  Trying to get property of non-object in /media/Share/Web/mediaumat/tmp/cpl/cdb5c01737bf9f56fce9c18be6d43c33b328b729.file.header.html.php on line 52
[20-Oct-2016 05:23:27 UTC] PHP Notice:  Undefined index: header in /media/Share/Web/mediaumat/tmp/cpl/cdb5c01737bf9f56fce9c18be6d43c33b328b729.file.header.html.php on line 33
[20-Oct-2016 05:23:27 UTC] PHP Notice:  Trying to get property of non-object in /media/Share/Web/mediaumat/tmp/cpl/cdb5c01737bf9f56fce9c18be6d43c33b328b729.file.header.html.php on line 33
[20-Oct-2016 05:23:27 UTC] PHP Notice:  Undefined index: header in /media/Share/Web/mediaumat/tmp/cpl/cdb5c01737bf9f56fce9c18be6d43c33b328b729.file.header.html.php on line 36
[20-Oct-2016 05:23:27 UTC] PHP Notice:  Trying to get property of non-object in /media/Share/Web/mediaumat/tmp/cpl/cdb5c01737bf9f56fce9c18be6d43c33b328b729.file.header.html.php on line 36
[20-Oct-2016 05:23:27 UTC] PHP Notice:  Undefined index: meta in /media/Share/Web/mediaumat/tmp/cpl/cdb5c01737bf9f56fce9c18be6d43c33b328b729.file.header.html.php on line 42
[20-Oct-2016 05:23:27 UTC] PHP Notice:  Trying to get property of non-object in /media/Share/Web/mediaumat/tmp/cpl/cdb5c01737bf9f56fce9c18be6d43c33b328b729.file.header.html.php on line 42
[20-Oct-2016 05:23:27 UTC] PHP Notice:  Undefined index: header in /media/Share/Web/mediaumat/tmp/cpl/cdb5c01737bf9f56fce9c18be6d43c33b328b729.file.header.html.php on line 51
[20-Oct-2016 05:23:27 UTC] PHP Notice:  Trying to get property of non-object in /media/Share/Web/mediaumat/tmp/cpl/cdb5c01737bf9f56fce9c18be6d43c33b328b729.file.header.html.php on line 51
[20-Oct-2016 05:23:27 UTC] PHP Notice:  Undefined index: header in /media/Share/Web/mediaumat/tmp/cpl/cdb5c01737bf9f56fce9c18be6d43c33b328b729.file.header.html.php on line 52
[20-Oct-2016 05:23:27 UTC] PHP Notice:  Trying to get property of non-object in /media/Share/Web/mediaumat/tmp/cpl/cdb5c01737bf9f56fce9c18be6d43c33b328b729.file.header.html.php on line 52
[20-Oct-2016 05:23:27 UTC] PHP Notice:  Undefined index: db in /media/Share/Web/mediaumat/tmp/cpl/f451825549211ad5f3792a19592ca4711840378b.file.config.html.php on line 52
[20-Oct-2016 05:23:27 UTC] PHP Notice:  Trying to get property of non-object in /media/Share/Web/mediaumat/tmp/cpl/f451825549211ad5f3792a19592ca4711840378b.file.config.html.php on line 52
[20-Oct-2016 05:23:27 UTC] PHP Notice:  Undefined index: db in /media/Share/Web/mediaumat/tmp/cpl/f451825549211ad5f3792a19592ca4711840378b.file.config.html.php on line 57
[20-Oct-2016 05:23:27 UTC] PHP Notice:  Trying to get property of non-object in /media/Share/Web/mediaumat/tmp/cpl/f451825549211ad5f3792a19592ca4711840378b.file.config.html.php on line 57
[20-Oct-2016 05:23:27 UTC] PHP Notice:  Undefined index: header in /media/Share/Web/mediaumat/tmp/cpl/cdb5c01737bf9f56fce9c18be6d43c33b328b729.file.header.html.php on line 33
[20-Oct-2016 05:23:27 UTC] PHP Notice:  Trying to get property of non-object in /media/Share/Web/mediaumat/tmp/cpl/cdb5c01737bf9f56fce9c18be6d43c33b328b729.file.header.html.php on line 33
[20-Oct-2016 05:23:27 UTC] PHP Notice:  Undefined index: header in /media/Share/Web/mediaumat/tmp/cpl/cdb5c01737bf9f56fce9c18be6d43c33b328b729.file.header.html.php on line 36
[20-Oct-2016 05:23:27 UTC] PHP Notice:  Trying to get property of non-object in /media/Share/Web/mediaumat/tmp/cpl/cdb5c01737bf9f56fce9c18be6d43c33b328b729.file.header.html.php on line 36
[20-Oct-2016 05:23:27 UTC] PHP Notice:  Undefined index: meta in /media/Share/Web/mediaumat/tmp/cpl/cdb5c01737bf9f56fce9c18be6d43c33b328b729.file.header.html.php on line 42
[20-Oct-2016 05:23:27 UTC] PHP Notice:  Trying to get property of non-object in /media/Share/Web/mediaumat/tmp/cpl/cdb5c01737bf9f56fce9c18be6d43c33b328b729.file.header.html.php on line 42
[20-Oct-2016 05:23:27 UTC] PHP Notice:  Undefined index: header in /media/Share/Web/mediaumat/tmp/cpl/cdb5c01737bf9f56fce9c18be6d43c33b328b729.file.header.html.php on line 51
[20-Oct-2016 05:23:27 UTC] PHP Notice:  Trying to get property of non-object in /media/Share/Web/mediaumat/tmp/cpl/cdb5c01737bf9f56fce9c18be6d43c33b328b729.file.header.html.php on line 51
[20-Oct-2016 05:23:27 UTC] PHP Notice:  Undefined index: header in /media/Share/Web/mediaumat/tmp/cpl/cdb5c01737bf9f56fce9c18be6d43c33b328b729.file.header.html.php on line 52
[20-Oct-2016 05:23:27 UTC] PHP Notice:  Trying to get property of non-object in /media/Share/Web/mediaumat/tmp/cpl/cdb5c01737bf9f56fce9c18be6d43c33b328b729.file.header.html.php on line 52
[20-Oct-2016 05:23:27 UTC] PHP Fatal error:  Class 'Stok' not found in /media/Share/Web/mediaumat/ctrl/admin.php on line 139
[20-Oct-2016 05:23:27 UTC] PHP Fatal error:  Call to undefined method Acs::firstAcs() in /media/Share/Web/mediaumat/ctrl/admin.php on line 51
[20-Oct-2016 05:24:02 UTC] PHP Notice:  Undefined index: header in /media/Share/Web/mediaumat/tmp/cpl/cdb5c01737bf9f56fce9c18be6d43c33b328b729.file.header.html.php on line 33
[20-Oct-2016 05:24:02 UTC] PHP Notice:  Trying to get property of non-object in /media/Share/Web/mediaumat/tmp/cpl/cdb5c01737bf9f56fce9c18be6d43c33b328b729.file.header.html.php on line 33
[20-Oct-2016 05:24:02 UTC] PHP Notice:  Undefined index: header in /media/Share/Web/mediaumat/tmp/cpl/cdb5c01737bf9f56fce9c18be6d43c33b328b729.file.header.html.php on line 36
[20-Oct-2016 05:24:02 UTC] PHP Notice:  Trying to get property of non-object in /media/Share/Web/mediaumat/tmp/cpl/cdb5c01737bf9f56fce9c18be6d43c33b328b729.file.header.html.php on line 36
[20-Oct-2016 05:24:02 UTC] PHP Notice:  Undefined index: meta in /media/Share/Web/mediaumat/tmp/cpl/cdb5c01737bf9f56fce9c18be6d43c33b328b729.file.header.html.php on line 42
[20-Oct-2016 05:24:02 UTC] PHP Notice:  Trying to get property of non-object in /media/Share/Web/mediaumat/tmp/cpl/cdb5c01737bf9f56fce9c18be6d43c33b328b729.file.header.html.php on line 42
[20-Oct-2016 05:24:02 UTC] PHP Notice:  Undefined index: header in /media/Share/Web/mediaumat/tmp/cpl/cdb5c01737bf9f56fce9c18be6d43c33b328b729.file.header.html.php on line 51
[20-Oct-2016 05:24:02 UTC] PHP Notice:  Trying to get property of non-object in /media/Share/Web/mediaumat/tmp/cpl/cdb5c01737bf9f56fce9c18be6d43c33b328b729.file.header.html.php on line 51
[20-Oct-2016 05:24:02 UTC] PHP Notice:  Undefined index: header in /media/Share/Web/mediaumat/tmp/cpl/cdb5c01737bf9f56fce9c18be6d43c33b328b729.file.header.html.php on line 52
[20-Oct-2016 05:24:02 UTC] PHP Notice:  Trying to get property of non-object in /media/Share/Web/mediaumat/tmp/cpl/cdb5c01737bf9f56fce9c18be6d43c33b328b729.file.header.html.php on line 52
[20-Oct-2016 05:29:52 UTC] PHP Notice:  Undefined index: header in /media/Share/Web/mediaumat/tmp/cpl/cdb5c01737bf9f56fce9c18be6d43c33b328b729.file.header.html.php on line 33
[20-Oct-2016 05:29:52 UTC] PHP Notice:  Trying to get property of non-object in /media/Share/Web/mediaumat/tmp/cpl/cdb5c01737bf9f56fce9c18be6d43c33b328b729.file.header.html.php on line 33
[20-Oct-2016 05:29:52 UTC] PHP Notice:  Undefined index: header in /media/Share/Web/mediaumat/tmp/cpl/cdb5c01737bf9f56fce9c18be6d43c33b328b729.file.header.html.php on line 36
[20-Oct-2016 05:29:52 UTC] PHP Notice:  Trying to get property of non-object in /media/Share/Web/mediaumat/tmp/cpl/cdb5c01737bf9f56fce9c18be6d43c33b328b729.file.header.html.php on line 36
[20-Oct-2016 05:29:52 UTC] PHP Notice:  Undefined index: meta in /media/Share/Web/mediaumat/tmp/cpl/cdb5c01737bf9f56fce9c18be6d43c33b328b729.file.header.html.php on line 42
[20-Oct-2016 05:29:52 UTC] PHP Notice:  Trying to get property of non-object in /media/Share/Web/mediaumat/tmp/cpl/cdb5c01737bf9f56fce9c18be6d43c33b328b729.file.header.html.php on line 42
[20-Oct-2016 05:29:52 UTC] PHP Notice:  Undefined index: header in /media/Share/Web/mediaumat/tmp/cpl/cdb5c01737bf9f56fce9c18be6d43c33b328b729.file.header.html.php on line 51
[20-Oct-2016 05:29:52 UTC] PHP Notice:  Trying to get property of non-object in /media/Share/Web/mediaumat/tmp/cpl/cdb5c01737bf9f56fce9c18be6d43c33b328b729.file.header.html.php on line 51
[20-Oct-2016 05:29:52 UTC] PHP Notice:  Undefined index: header in /media/Share/Web/mediaumat/tmp/cpl/cdb5c01737bf9f56fce9c18be6d43c33b328b729.file.header.html.php on line 52
[20-Oct-2016 05:29:52 UTC] PHP Notice:  Trying to get property of non-object in /media/Share/Web/mediaumat/tmp/cpl/cdb5c01737bf9f56fce9c18be6d43c33b328b729.file.header.html.php on line 52
[20-Oct-2016 05:30:09 UTC] PHP Notice:  Undefined index: header in /media/Share/Web/mediaumat/tmp/cpl/cdb5c01737bf9f56fce9c18be6d43c33b328b729.file.header.html.php on line 33
[20-Oct-2016 05:30:09 UTC] PHP Notice:  Trying to get property of non-object in /media/Share/Web/mediaumat/tmp/cpl/cdb5c01737bf9f56fce9c18be6d43c33b328b729.file.header.html.php on line 33
[20-Oct-2016 05:30:09 UTC] PHP Notice:  Undefined index: header in /media/Share/Web/mediaumat/tmp/cpl/cdb5c01737bf9f56fce9c18be6d43c33b328b729.file.header.html.php on line 36
[20-Oct-2016 05:30:09 UTC] PHP Notice:  Trying to get property of non-object in /media/Share/Web/mediaumat/tmp/cpl/cdb5c01737bf9f56fce9c18be6d43c33b328b729.file.header.html.php on line 36
[20-Oct-2016 05:30:09 UTC] PHP Notice:  Undefined index: meta in /media/Share/Web/mediaumat/tmp/cpl/cdb5c01737bf9f56fce9c18be6d43c33b328b729.file.header.html.php on line 42
[20-Oct-2016 05:30:09 UTC] PHP Notice:  Trying to get property of non-object in /media/Share/Web/mediaumat/tmp/cpl/cdb5c01737bf9f56fce9c18be6d43c33b328b729.file.header.html.php on line 42
[20-Oct-2016 05:30:09 UTC] PHP Notice:  Undefined index: header in /media/Share/Web/mediaumat/tmp/cpl/cdb5c01737bf9f56fce9c18be6d43c33b328b729.file.header.html.php on line 51
[20-Oct-2016 05:30:09 UTC] PHP Notice:  Trying to get property of non-object in /media/Share/Web/mediaumat/tmp/cpl/cdb5c01737bf9f56fce9c18be6d43c33b328b729.file.header.html.php on line 51
[20-Oct-2016 05:30:09 UTC] PHP Notice:  Undefined index: header in /media/Share/Web/mediaumat/tmp/cpl/cdb5c01737bf9f56fce9c18be6d43c33b328b729.file.header.html.php on line 52
[20-Oct-2016 05:30:09 UTC] PHP Notice:  Trying to get property of non-object in /media/Share/Web/mediaumat/tmp/cpl/cdb5c01737bf9f56fce9c18be6d43c33b328b729.file.header.html.php on line 52
[20-Oct-2016 05:30:09 UTC] PHP Notice:  Undefined index: header in /media/Share/Web/mediaumat/tmp/cpl/cdb5c01737bf9f56fce9c18be6d43c33b328b729.file.header.html.php on line 33
[20-Oct-2016 05:30:09 UTC] PHP Notice:  Trying to get property of non-object in /media/Share/Web/mediaumat/tmp/cpl/cdb5c01737bf9f56fce9c18be6d43c33b328b729.file.header.html.php on line 33
[20-Oct-2016 05:30:09 UTC] PHP Notice:  Undefined index: header in /media/Share/Web/mediaumat/tmp/cpl/cdb5c01737bf9f56fce9c18be6d43c33b328b729.file.header.html.php on line 36
[20-Oct-2016 05:30:09 UTC] PHP Notice:  Trying to get property of non-object in /media/Share/Web/mediaumat/tmp/cpl/cdb5c01737bf9f56fce9c18be6d43c33b328b729.file.header.html.php on line 36
[20-Oct-2016 05:30:09 UTC] PHP Notice:  Undefined index: meta in /media/Share/Web/mediaumat/tmp/cpl/cdb5c01737bf9f56fce9c18be6d43c33b328b729.file.header.html.php on line 42
[20-Oct-2016 05:30:09 UTC] PHP Notice:  Trying to get property of non-object in /media/Share/Web/mediaumat/tmp/cpl/cdb5c01737bf9f56fce9c18be6d43c33b328b729.file.header.html.php on line 42
[20-Oct-2016 05:30:09 UTC] PHP Notice:  Undefined index: header in /media/Share/Web/mediaumat/tmp/cpl/cdb5c01737bf9f56fce9c18be6d43c33b328b729.file.header.html.php on line 51
[20-Oct-2016 05:30:09 UTC] PHP Notice:  Trying to get property of non-object in /media/Share/Web/mediaumat/tmp/cpl/cdb5c01737bf9f56fce9c18be6d43c33b328b729.file.header.html.php on line 51
[20-Oct-2016 05:30:09 UTC] PHP Notice:  Undefined index: header in /media/Share/Web/mediaumat/tmp/cpl/cdb5c01737bf9f56fce9c18be6d43c33b328b729.file.header.html.php on line 52
[20-Oct-2016 05:30:09 UTC] PHP Notice:  Trying to get property of non-object in /media/Share/Web/mediaumat/tmp/cpl/cdb5c01737bf9f56fce9c18be6d43c33b328b729.file.header.html.php on line 52
[20-Oct-2016 05:30:10 UTC] PHP Fatal error:  Class 'Stok' not found in /media/Share/Web/mediaumat/ctrl/admin.php on line 139
[20-Oct-2016 05:30:10 UTC] PHP Fatal error:  Call to undefined method Acs::firstAcs() in /media/Share/Web/mediaumat/ctrl/admin.php on line 51
[20-Oct-2016 05:30:49 UTC] PHP Notice:  Undefined index: header in /media/Share/Web/mediaumat/tmp/cpl/cdb5c01737bf9f56fce9c18be6d43c33b328b729.file.header.html.php on line 33
[20-Oct-2016 05:30:49 UTC] PHP Notice:  Trying to get property of non-object in /media/Share/Web/mediaumat/tmp/cpl/cdb5c01737bf9f56fce9c18be6d43c33b328b729.file.header.html.php on line 33
[20-Oct-2016 05:30:49 UTC] PHP Notice:  Undefined index: header in /media/Share/Web/mediaumat/tmp/cpl/cdb5c01737bf9f56fce9c18be6d43c33b328b729.file.header.html.php on line 36
[20-Oct-2016 05:30:49 UTC] PHP Notice:  Trying to get property of non-object in /media/Share/Web/mediaumat/tmp/cpl/cdb5c01737bf9f56fce9c18be6d43c33b328b729.file.header.html.php on line 36
[20-Oct-2016 05:30:49 UTC] PHP Notice:  Undefined index: meta in /media/Share/Web/mediaumat/tmp/cpl/cdb5c01737bf9f56fce9c18be6d43c33b328b729.file.header.html.php on line 42
[20-Oct-2016 05:30:49 UTC] PHP Notice:  Trying to get property of non-object in /media/Share/Web/mediaumat/tmp/cpl/cdb5c01737bf9f56fce9c18be6d43c33b328b729.file.header.html.php on line 42
[20-Oct-2016 05:30:49 UTC] PHP Notice:  Undefined index: header in /media/Share/Web/mediaumat/tmp/cpl/cdb5c01737bf9f56fce9c18be6d43c33b328b729.file.header.html.php on line 51
[20-Oct-2016 05:30:49 UTC] PHP Notice:  Trying to get property of non-object in /media/Share/Web/mediaumat/tmp/cpl/cdb5c01737bf9f56fce9c18be6d43c33b328b729.file.header.html.php on line 51
[20-Oct-2016 05:30:49 UTC] PHP Notice:  Undefined index: header in /media/Share/Web/mediaumat/tmp/cpl/cdb5c01737bf9f56fce9c18be6d43c33b328b729.file.header.html.php on line 52
[20-Oct-2016 05:30:49 UTC] PHP Notice:  Trying to get property of non-object in /media/Share/Web/mediaumat/tmp/cpl/cdb5c01737bf9f56fce9c18be6d43c33b328b729.file.header.html.php on line 52
[20-Oct-2016 05:32:54 UTC] PHP Notice:  Undefined index: header in /media/Share/Web/mediaumat/tmp/cpl/cdb5c01737bf9f56fce9c18be6d43c33b328b729.file.header.html.php on line 33
[20-Oct-2016 05:32:54 UTC] PHP Notice:  Trying to get property of non-object in /media/Share/Web/mediaumat/tmp/cpl/cdb5c01737bf9f56fce9c18be6d43c33b328b729.file.header.html.php on line 33
[20-Oct-2016 05:32:54 UTC] PHP Notice:  Undefined index: header in /media/Share/Web/mediaumat/tmp/cpl/cdb5c01737bf9f56fce9c18be6d43c33b328b729.file.header.html.php on line 36
[20-Oct-2016 05:32:54 UTC] PHP Notice:  Trying to get property of non-object in /media/Share/Web/mediaumat/tmp/cpl/cdb5c01737bf9f56fce9c18be6d43c33b328b729.file.header.html.php on line 36
[20-Oct-2016 05:32:54 UTC] PHP Notice:  Undefined index: meta in /media/Share/Web/mediaumat/tmp/cpl/cdb5c01737bf9f56fce9c18be6d43c33b328b729.file.header.html.php on line 42
[20-Oct-2016 05:32:54 UTC] PHP Notice:  Trying to get property of non-object in /media/Share/Web/mediaumat/tmp/cpl/cdb5c01737bf9f56fce9c18be6d43c33b328b729.file.header.html.php on line 42
[20-Oct-2016 05:32:54 UTC] PHP Notice:  Undefined index: header in /media/Share/Web/mediaumat/tmp/cpl/cdb5c01737bf9f56fce9c18be6d43c33b328b729.file.header.html.php on line 51
[20-Oct-2016 05:32:54 UTC] PHP Notice:  Trying to get property of non-object in /media/Share/Web/mediaumat/tmp/cpl/cdb5c01737bf9f56fce9c18be6d43c33b328b729.file.header.html.php on line 51
[20-Oct-2016 05:32:54 UTC] PHP Notice:  Undefined index: header in /media/Share/Web/mediaumat/tmp/cpl/cdb5c01737bf9f56fce9c18be6d43c33b328b729.file.header.html.php on line 52
[20-Oct-2016 05:32:54 UTC] PHP Notice:  Trying to get property of non-object in /media/Share/Web/mediaumat/tmp/cpl/cdb5c01737bf9f56fce9c18be6d43c33b328b729.file.header.html.php on line 52
[20-Oct-2016 05:33:58 UTC] PHP Notice:  Undefined index: header in /media/Share/Web/mediaumat/tmp/cpl/cdb5c01737bf9f56fce9c18be6d43c33b328b729.file.header.html.php on line 33
[20-Oct-2016 05:33:58 UTC] PHP Notice:  Trying to get property of non-object in /media/Share/Web/mediaumat/tmp/cpl/cdb5c01737bf9f56fce9c18be6d43c33b328b729.file.header.html.php on line 33
[20-Oct-2016 05:33:58 UTC] PHP Notice:  Undefined index: header in /media/Share/Web/mediaumat/tmp/cpl/cdb5c01737bf9f56fce9c18be6d43c33b328b729.file.header.html.php on line 36
[20-Oct-2016 05:33:58 UTC] PHP Notice:  Trying to get property of non-object in /media/Share/Web/mediaumat/tmp/cpl/cdb5c01737bf9f56fce9c18be6d43c33b328b729.file.header.html.php on line 36
[20-Oct-2016 05:33:58 UTC] PHP Notice:  Undefined index: meta in /media/Share/Web/mediaumat/tmp/cpl/cdb5c01737bf9f56fce9c18be6d43c33b328b729.file.header.html.php on line 42
[20-Oct-2016 05:33:58 UTC] PHP Notice:  Trying to get property of non-object in /media/Share/Web/mediaumat/tmp/cpl/cdb5c01737bf9f56fce9c18be6d43c33b328b729.file.header.html.php on line 42
[20-Oct-2016 05:33:58 UTC] PHP Notice:  Undefined index: header in /media/Share/Web/mediaumat/tmp/cpl/cdb5c01737bf9f56fce9c18be6d43c33b328b729.file.header.html.php on line 51
[20-Oct-2016 05:33:58 UTC] PHP Notice:  Trying to get property of non-object in /media/Share/Web/mediaumat/tmp/cpl/cdb5c01737bf9f56fce9c18be6d43c33b328b729.file.header.html.php on line 51
[20-Oct-2016 05:33:58 UTC] PHP Notice:  Undefined index: header in /media/Share/Web/mediaumat/tmp/cpl/cdb5c01737bf9f56fce9c18be6d43c33b328b729.file.header.html.php on line 52
[20-Oct-2016 05:33:58 UTC] PHP Notice:  Trying to get property of non-object in /media/Share/Web/mediaumat/tmp/cpl/cdb5c01737bf9f56fce9c18be6d43c33b328b729.file.header.html.php on line 52
[20-Oct-2016 05:34:00 UTC] PHP Notice:  Undefined index: header in /media/Share/Web/mediaumat/tmp/cpl/cdb5c01737bf9f56fce9c18be6d43c33b328b729.file.header.html.php on line 33
[20-Oct-2016 05:34:00 UTC] PHP Notice:  Trying to get property of non-object in /media/Share/Web/mediaumat/tmp/cpl/cdb5c01737bf9f56fce9c18be6d43c33b328b729.file.header.html.php on line 33
[20-Oct-2016 05:34:00 UTC] PHP Notice:  Undefined index: header in /media/Share/Web/mediaumat/tmp/cpl/cdb5c01737bf9f56fce9c18be6d43c33b328b729.file.header.html.php on line 36
[20-Oct-2016 05:34:00 UTC] PHP Notice:  Trying to get property of non-object in /media/Share/Web/mediaumat/tmp/cpl/cdb5c01737bf9f56fce9c18be6d43c33b328b729.file.header.html.php on line 36
[20-Oct-2016 05:34:00 UTC] PHP Notice:  Undefined index: meta in /media/Share/Web/mediaumat/tmp/cpl/cdb5c01737bf9f56fce9c18be6d43c33b328b729.file.header.html.php on line 42
[20-Oct-2016 05:34:00 UTC] PHP Notice:  Trying to get property of non-object in /media/Share/Web/mediaumat/tmp/cpl/cdb5c01737bf9f56fce9c18be6d43c33b328b729.file.header.html.php on line 42
[20-Oct-2016 05:34:00 UTC] PHP Notice:  Undefined index: header in /media/Share/Web/mediaumat/tmp/cpl/cdb5c01737bf9f56fce9c18be6d43c33b328b729.file.header.html.php on line 51
[20-Oct-2016 05:34:00 UTC] PHP Notice:  Trying to get property of non-object in /media/Share/Web/mediaumat/tmp/cpl/cdb5c01737bf9f56fce9c18be6d43c33b328b729.file.header.html.php on line 51
[20-Oct-2016 05:34:00 UTC] PHP Notice:  Undefined index: header in /media/Share/Web/mediaumat/tmp/cpl/cdb5c01737bf9f56fce9c18be6d43c33b328b729.file.header.html.php on line 52
[20-Oct-2016 05:34:00 UTC] PHP Notice:  Trying to get property of non-object in /media/Share/Web/mediaumat/tmp/cpl/cdb5c01737bf9f56fce9c18be6d43c33b328b729.file.header.html.php on line 52
[20-Oct-2016 05:34:00 UTC] PHP Notice:  Undefined index: header in /media/Share/Web/mediaumat/tmp/cpl/cdb5c01737bf9f56fce9c18be6d43c33b328b729.file.header.html.php on line 33
[20-Oct-2016 05:34:00 UTC] PHP Notice:  Trying to get property of non-object in /media/Share/Web/mediaumat/tmp/cpl/cdb5c01737bf9f56fce9c18be6d43c33b328b729.file.header.html.php on line 33
[20-Oct-2016 05:34:00 UTC] PHP Notice:  Undefined index: header in /media/Share/Web/mediaumat/tmp/cpl/cdb5c01737bf9f56fce9c18be6d43c33b328b729.file.header.html.php on line 36
[20-Oct-2016 05:34:00 UTC] PHP Notice:  Trying to get property of non-object in /media/Share/Web/mediaumat/tmp/cpl/cdb5c01737bf9f56fce9c18be6d43c33b328b729.file.header.html.php on line 36
[20-Oct-2016 05:34:00 UTC] PHP Notice:  Undefined index: meta in /media/Share/Web/mediaumat/tmp/cpl/cdb5c01737bf9f56fce9c18be6d43c33b328b729.file.header.html.php on line 42
[20-Oct-2016 05:34:00 UTC] PHP Notice:  Trying to get property of non-object in /media/Share/Web/mediaumat/tmp/cpl/cdb5c01737bf9f56fce9c18be6d43c33b328b729.file.header.html.php on line 42
[20-Oct-2016 05:34:00 UTC] PHP Notice:  Undefined index: header in /media/Share/Web/mediaumat/tmp/cpl/cdb5c01737bf9f56fce9c18be6d43c33b328b729.file.header.html.php on line 51
[20-Oct-2016 05:34:00 UTC] PHP Notice:  Trying to get property of non-object in /media/Share/Web/mediaumat/tmp/cpl/cdb5c01737bf9f56fce9c18be6d43c33b328b729.file.header.html.php on line 51
[20-Oct-2016 05:34:00 UTC] PHP Notice:  Undefined index: header in /media/Share/Web/mediaumat/tmp/cpl/cdb5c01737bf9f56fce9c18be6d43c33b328b729.file.header.html.php on line 52
[20-Oct-2016 05:34:00 UTC] PHP Notice:  Trying to get property of non-object in /media/Share/Web/mediaumat/tmp/cpl/cdb5c01737bf9f56fce9c18be6d43c33b328b729.file.header.html.php on line 52
[20-Oct-2016 05:34:00 UTC] PHP Fatal error:  Class 'Stok' not found in /media/Share/Web/mediaumat/ctrl/admin.php on line 138
[20-Oct-2016 05:34:00 UTC] PHP Notice:  Undefined index: header in /media/Share/Web/mediaumat/tmp/cpl/cdb5c01737bf9f56fce9c18be6d43c33b328b729.file.header.html.php on line 33
[20-Oct-2016 05:34:00 UTC] PHP Notice:  Trying to get property of non-object in /media/Share/Web/mediaumat/tmp/cpl/cdb5c01737bf9f56fce9c18be6d43c33b328b729.file.header.html.php on line 33
[20-Oct-2016 05:34:00 UTC] PHP Notice:  Undefined index: header in /media/Share/Web/mediaumat/tmp/cpl/cdb5c01737bf9f56fce9c18be6d43c33b328b729.file.header.html.php on line 36
[20-Oct-2016 05:34:00 UTC] PHP Notice:  Trying to get property of non-object in /media/Share/Web/mediaumat/tmp/cpl/cdb5c01737bf9f56fce9c18be6d43c33b328b729.file.header.html.php on line 36
[20-Oct-2016 05:34:00 UTC] PHP Notice:  Undefined index: meta in /media/Share/Web/mediaumat/tmp/cpl/cdb5c01737bf9f56fce9c18be6d43c33b328b729.file.header.html.php on line 42
[20-Oct-2016 05:34:00 UTC] PHP Notice:  Trying to get property of non-object in /media/Share/Web/mediaumat/tmp/cpl/cdb5c01737bf9f56fce9c18be6d43c33b328b729.file.header.html.php on line 42
[20-Oct-2016 05:34:00 UTC] PHP Notice:  Undefined index: header in /media/Share/Web/mediaumat/tmp/cpl/cdb5c01737bf9f56fce9c18be6d43c33b328b729.file.header.html.php on line 51
[20-Oct-2016 05:34:00 UTC] PHP Notice:  Trying to get property of non-object in /media/Share/Web/mediaumat/tmp/cpl/cdb5c01737bf9f56fce9c18be6d43c33b328b729.file.header.html.php on line 51
[20-Oct-2016 05:34:00 UTC] PHP Notice:  Undefined index: header in /media/Share/Web/mediaumat/tmp/cpl/cdb5c01737bf9f56fce9c18be6d43c33b328b729.file.header.html.php on line 52
[20-Oct-2016 05:34:00 UTC] PHP Notice:  Trying to get property of non-object in /media/Share/Web/mediaumat/tmp/cpl/cdb5c01737bf9f56fce9c18be6d43c33b328b729.file.header.html.php on line 52
[20-Oct-2016 05:36:18 UTC] PHP Notice:  Undefined index: header in /media/Share/Web/mediaumat/tmp/cpl/cdb5c01737bf9f56fce9c18be6d43c33b328b729.file.header.html.php on line 33
[20-Oct-2016 05:36:18 UTC] PHP Notice:  Trying to get property of non-object in /media/Share/Web/mediaumat/tmp/cpl/cdb5c01737bf9f56fce9c18be6d43c33b328b729.file.header.html.php on line 33
[20-Oct-2016 05:36:18 UTC] PHP Notice:  Undefined index: header in /media/Share/Web/mediaumat/tmp/cpl/cdb5c01737bf9f56fce9c18be6d43c33b328b729.file.header.html.php on line 36
[20-Oct-2016 05:36:18 UTC] PHP Notice:  Trying to get property of non-object in /media/Share/Web/mediaumat/tmp/cpl/cdb5c01737bf9f56fce9c18be6d43c33b328b729.file.header.html.php on line 36
[20-Oct-2016 05:36:18 UTC] PHP Notice:  Undefined index: meta in /media/Share/Web/mediaumat/tmp/cpl/cdb5c01737bf9f56fce9c18be6d43c33b328b729.file.header.html.php on line 42
[20-Oct-2016 05:36:18 UTC] PHP Notice:  Trying to get property of non-object in /media/Share/Web/mediaumat/tmp/cpl/cdb5c01737bf9f56fce9c18be6d43c33b328b729.file.header.html.php on line 42
[20-Oct-2016 05:36:18 UTC] PHP Notice:  Undefined index: header in /media/Share/Web/mediaumat/tmp/cpl/cdb5c01737bf9f56fce9c18be6d43c33b328b729.file.header.html.php on line 51
[20-Oct-2016 05:36:18 UTC] PHP Notice:  Trying to get property of non-object in /media/Share/Web/mediaumat/tmp/cpl/cdb5c01737bf9f56fce9c18be6d43c33b328b729.file.header.html.php on line 51
[20-Oct-2016 05:36:18 UTC] PHP Notice:  Undefined index: header in /media/Share/Web/mediaumat/tmp/cpl/cdb5c01737bf9f56fce9c18be6d43c33b328b729.file.header.html.php on line 52
[20-Oct-2016 05:36:18 UTC] PHP Notice:  Trying to get property of non-object in /media/Share/Web/mediaumat/tmp/cpl/cdb5c01737bf9f56fce9c18be6d43c33b328b729.file.header.html.php on line 52
[20-Oct-2016 05:36:27 UTC] PHP Notice:  Undefined index: header in /media/Share/Web/mediaumat/tmp/cpl/cdb5c01737bf9f56fce9c18be6d43c33b328b729.file.header.html.php on line 33
[20-Oct-2016 05:36:27 UTC] PHP Notice:  Trying to get property of non-object in /media/Share/Web/mediaumat/tmp/cpl/cdb5c01737bf9f56fce9c18be6d43c33b328b729.file.header.html.php on line 33
[20-Oct-2016 05:36:27 UTC] PHP Notice:  Undefined index: header in /media/Share/Web/mediaumat/tmp/cpl/cdb5c01737bf9f56fce9c18be6d43c33b328b729.file.header.html.php on line 36
[20-Oct-2016 05:36:27 UTC] PHP Notice:  Trying to get property of non-object in /media/Share/Web/mediaumat/tmp/cpl/cdb5c01737bf9f56fce9c18be6d43c33b328b729.file.header.html.php on line 36
[20-Oct-2016 05:36:27 UTC] PHP Notice:  Undefined index: meta in /media/Share/Web/mediaumat/tmp/cpl/cdb5c01737bf9f56fce9c18be6d43c33b328b729.file.header.html.php on line 42
[20-Oct-2016 05:36:27 UTC] PHP Notice:  Trying to get property of non-object in /media/Share/Web/mediaumat/tmp/cpl/cdb5c01737bf9f56fce9c18be6d43c33b328b729.file.header.html.php on line 42
[20-Oct-2016 05:36:27 UTC] PHP Notice:  Undefined index: header in /media/Share/Web/mediaumat/tmp/cpl/cdb5c01737bf9f56fce9c18be6d43c33b328b729.file.header.html.php on line 51
[20-Oct-2016 05:36:27 UTC] PHP Notice:  Trying to get property of non-object in /media/Share/Web/mediaumat/tmp/cpl/cdb5c01737bf9f56fce9c18be6d43c33b328b729.file.header.html.php on line 51
[20-Oct-2016 05:36:27 UTC] PHP Notice:  Undefined index: header in /media/Share/Web/mediaumat/tmp/cpl/cdb5c01737bf9f56fce9c18be6d43c33b328b729.file.header.html.php on line 52
[20-Oct-2016 05:36:27 UTC] PHP Notice:  Trying to get property of non-object in /media/Share/Web/mediaumat/tmp/cpl/cdb5c01737bf9f56fce9c18be6d43c33b328b729.file.header.html.php on line 52
[20-Oct-2016 05:36:27 UTC] PHP Notice:  Undefined index: header in /media/Share/Web/mediaumat/tmp/cpl/cdb5c01737bf9f56fce9c18be6d43c33b328b729.file.header.html.php on line 33
[20-Oct-2016 05:36:27 UTC] PHP Notice:  Trying to get property of non-object in /media/Share/Web/mediaumat/tmp/cpl/cdb5c01737bf9f56fce9c18be6d43c33b328b729.file.header.html.php on line 33
[20-Oct-2016 05:36:27 UTC] PHP Notice:  Undefined index: header in /media/Share/Web/mediaumat/tmp/cpl/cdb5c01737bf9f56fce9c18be6d43c33b328b729.file.header.html.php on line 36
[20-Oct-2016 05:36:27 UTC] PHP Notice:  Trying to get property of non-object in /media/Share/Web/mediaumat/tmp/cpl/cdb5c01737bf9f56fce9c18be6d43c33b328b729.file.header.html.php on line 36
[20-Oct-2016 05:36:27 UTC] PHP Notice:  Undefined index: meta in /media/Share/Web/mediaumat/tmp/cpl/cdb5c01737bf9f56fce9c18be6d43c33b328b729.file.header.html.php on line 42
[20-Oct-2016 05:36:27 UTC] PHP Notice:  Trying to get property of non-object in /media/Share/Web/mediaumat/tmp/cpl/cdb5c01737bf9f56fce9c18be6d43c33b328b729.file.header.html.php on line 42
[20-Oct-2016 05:36:27 UTC] PHP Notice:  Undefined index: header in /media/Share/Web/mediaumat/tmp/cpl/cdb5c01737bf9f56fce9c18be6d43c33b328b729.file.header.html.php on line 51
[20-Oct-2016 05:36:27 UTC] PHP Notice:  Trying to get property of non-object in /media/Share/Web/mediaumat/tmp/cpl/cdb5c01737bf9f56fce9c18be6d43c33b328b729.file.header.html.php on line 51
[20-Oct-2016 05:36:27 UTC] PHP Notice:  Undefined index: header in /media/Share/Web/mediaumat/tmp/cpl/cdb5c01737bf9f56fce9c18be6d43c33b328b729.file.header.html.php on line 52
[20-Oct-2016 05:36:27 UTC] PHP Notice:  Trying to get property of non-object in /media/Share/Web/mediaumat/tmp/cpl/cdb5c01737bf9f56fce9c18be6d43c33b328b729.file.header.html.php on line 52
[20-Oct-2016 05:36:27 UTC] PHP Fatal error:  Class 'Stok' not found in /media/Share/Web/mediaumat/ctrl/admin.php on line 138
[20-Oct-2016 05:36:27 UTC] PHP Notice:  Undefined property: Acs::$id in /media/Share/Web/mediaumat/core/model.php on line 263
[20-Oct-2016 05:36:27 UTC] PHP Notice:  Undefined index: header in /media/Share/Web/mediaumat/tmp/cpl/cdb5c01737bf9f56fce9c18be6d43c33b328b729.file.header.html.php on line 33
[20-Oct-2016 05:36:27 UTC] PHP Notice:  Trying to get property of non-object in /media/Share/Web/mediaumat/tmp/cpl/cdb5c01737bf9f56fce9c18be6d43c33b328b729.file.header.html.php on line 33
[20-Oct-2016 05:36:27 UTC] PHP Notice:  Undefined index: header in /media/Share/Web/mediaumat/tmp/cpl/cdb5c01737bf9f56fce9c18be6d43c33b328b729.file.header.html.php on line 36
[20-Oct-2016 05:36:27 UTC] PHP Notice:  Trying to get property of non-object in /media/Share/Web/mediaumat/tmp/cpl/cdb5c01737bf9f56fce9c18be6d43c33b328b729.file.header.html.php on line 36
[20-Oct-2016 05:36:27 UTC] PHP Notice:  Undefined index: meta in /media/Share/Web/mediaumat/tmp/cpl/cdb5c01737bf9f56fce9c18be6d43c33b328b729.file.header.html.php on line 42
[20-Oct-2016 05:36:27 UTC] PHP Notice:  Trying to get property of non-object in /media/Share/Web/mediaumat/tmp/cpl/cdb5c01737bf9f56fce9c18be6d43c33b328b729.file.header.html.php on line 42
[20-Oct-2016 05:36:27 UTC] PHP Notice:  Undefined index: header in /media/Share/Web/mediaumat/tmp/cpl/cdb5c01737bf9f56fce9c18be6d43c33b328b729.file.header.html.php on line 51
[20-Oct-2016 05:36:27 UTC] PHP Notice:  Trying to get property of non-object in /media/Share/Web/mediaumat/tmp/cpl/cdb5c01737bf9f56fce9c18be6d43c33b328b729.file.header.html.php on line 51
[20-Oct-2016 05:36:27 UTC] PHP Notice:  Undefined index: header in /media/Share/Web/mediaumat/tmp/cpl/cdb5c01737bf9f56fce9c18be6d43c33b328b729.file.header.html.php on line 52
[20-Oct-2016 05:36:27 UTC] PHP Notice:  Trying to get property of non-object in /media/Share/Web/mediaumat/tmp/cpl/cdb5c01737bf9f56fce9c18be6d43c33b328b729.file.header.html.php on line 52
[20-Oct-2016 05:36:44 UTC] PHP Notice:  Undefined property: Acs::$id in /media/Share/Web/mediaumat/core/model.php on line 263
